<?xml version="1.0" encoding="UTF-8"?>
<!-- Generated by org.testng.reporters.JUnitReportReporter -->
<testsuite hostname="LAPTOP-I1LONDHL" failures="0" tests="4" name="com.ecommerce.Automation" time="204.885" errors="0" timestamp="2022-10-11T12:28:39 IST" skipped="0">
  <testcase classname="com.ecommerce.Automation" name="f" time="51.003"/>
  <system-out/>
  <testcase classname="com.ecommerce.Automation" name="firefox" time="147.839"/>
  <system-out/>
  <testcase classname="com.ecommerce.Automation" name="LaunchFirefox" time="4.015"/>
  <system-out/>
  <testcase classname="com.ecommerce.Automation" name="LaunchChrome" time="2.028"/>
  <system-out/>
</testsuite> <!-- com.ecommerce.Automation -->
